Determining if the pthread_create exist failed with the following output:
Change Dir: /home/nvidia/Neobotix/build/CMakeFiles/CMakeTmp

Run Build Command:"/usr/bin/make" "cmTC_edbd6/fast"
/usr/bin/make -f CMakeFiles/cmTC_edbd6.dir/build.make CMakeFiles/cmTC_edbd6.dir/build
make[1]: Entering directory '/home/nvidia/Neobotix/build/CMakeFiles/CMakeTmp'
Building C object CMakeFiles/cmTC_edbd6.dir/CheckSymbolExists.c.o
/usr/bin/cc     -o CMakeFiles/cmTC_edbd6.dir/CheckSymbolExists.c.o   -c /home/nvidia/Neobotix/build/CMakeFiles/CMakeTmp/CheckSymbolExists.c
Linking C executable cmTC_edbd6
/usr/bin/cmake -E cmake_link_script CMakeFiles/cmTC_edbd6.dir/link.txt --verbose=1
/usr/bin/cc       CMakeFiles/cmTC_edbd6.dir/CheckSymbolExists.c.o  -o cmTC_edbd6 -rdynamic 
CMakeFiles/cmTC_edbd6.dir/CheckSymbolExists.c.o: In function `main':
CheckSymbolExists.c:(.text+0x14): undefined reference to `pthread_create'
CheckSymbolExists.c:(.text+0x18): undefined reference to `pthread_create'
collect2: error: ld returned 1 exit status
CMakeFiles/cmTC_edbd6.dir/build.make:97: recipe for target 'cmTC_edbd6' failed
make[1]: *** [cmTC_edbd6] Error 1
make[1]: Leaving directory '/home/nvidia/Neobotix/build/CMakeFiles/CMakeTmp'
Makefile:126: recipe for target 'cmTC_edbd6/fast' failed
make: *** [cmTC_edbd6/fast] Error 2

File /home/nvidia/Neobotix/build/CMakeFiles/CMakeTmp/CheckSymbolExists.c:
/* */
#include <pthread.h>

int main(int argc, char** argv)
{
  (void)argv;
#ifndef pthread_create
  return ((int*)(&pthread_create))[argc];
#else
  (void)argc;
  return 0;
#endif
}

Determining if the function pthread_create exists in the pthreads failed with the following output:
Change Dir: /home/nvidia/Neobotix/build/CMakeFiles/CMakeTmp

Run Build Command:"/usr/bin/make" "cmTC_8038f/fast"
/usr/bin/make -f CMakeFiles/cmTC_8038f.dir/build.make CMakeFiles/cmTC_8038f.dir/build
make[1]: Entering directory '/home/nvidia/Neobotix/build/CMakeFiles/CMakeTmp'
Building C object CMakeFiles/cmTC_8038f.dir/CheckFunctionExists.c.o
/usr/bin/cc    -DCHECK_FUNCTION_EXISTS=pthread_create   -o CMakeFiles/cmTC_8038f.dir/CheckFunctionExists.c.o   -c /usr/share/cmake-3.5/Modules/CheckFunctionExists.c
Linking C executable cmTC_8038f
/usr/bin/cmake -E cmake_link_script CMakeFiles/cmTC_8038f.dir/link.txt --verbose=1
/usr/bin/cc   -DCHECK_FUNCTION_EXISTS=pthread_create    CMakeFiles/cmTC_8038f.dir/CheckFunctionExists.c.o  -o cmTC_8038f -rdynamic -lpthreads 
/usr/bin/ld: cannot find -lpthreads
collect2: error: ld returned 1 exit status
CMakeFiles/cmTC_8038f.dir/build.make:97: recipe for target 'cmTC_8038f' failed
make[1]: *** [cmTC_8038f] Error 1
make[1]: Leaving directory '/home/nvidia/Neobotix/build/CMakeFiles/CMakeTmp'
Makefile:126: recipe for target 'cmTC_8038f/fast' failed
make: *** [cmTC_8038f/fast] Error 2


